         w __deregister_frame_info
         w __register_frame_info
         w userAppExit
         w userAppInit
00000000 00000802 B __ctru_dev_utf16_buf
00000000 A __sync_synchronize
00000000 b _TLS_MODULE_BASE_
00000000 a shift
00000000 a shift
00000804 00000401 B __ctru_dev_path_buf
00100000 A __start__
00100000 T _start
00100008 T __service_ptr
0010000c T __apt_appid
00100010 T __heap_size
00100014 T __linear_heap_size
00100018 T __system_arglist
0010001c T __system_runflags
00100020 t startup
00100058 t ClearMem
0010006c t ClrLoop
00100094 T _init
001000ac 0000008c T load_audio
00100138 000000a4 T audio_init
001001dc 00000030 T audio_exit
0010020c T __aeabi_idiv
0010020c 00000220 T __divsi3
00100214 t .divsi3_skip_div0_test
0010042c 00000020 T __aeabi_idivmod
0010044c 00000004 W __aeabi_idiv0
0010044c 00000004 W __aeabi_ldiv0
00100450 T __aeabi_uldivmod
001004a8 00000390 T strcmp
00100830 t .udivsi3_skip_div0_test
00100830 T __aeabi_uidiv
00100830 000001ec T __udivsi3
00100a1c 00000020 T __aeabi_uidivmod
00100a3c t __do_global_dtors_aux
00100a8c t frame_dummy
00100ab8 000003d0 T main
00100e88 00000024 t addrMapNodeComparator(rbtree_node const*, rbtree_node const*)
00100eac 00000004 t addrMapNodeDestructor(rbtree_node*)
00100eb0 0000012c T linearMemAlign
00100fdc 00000008 T linearAlloc
00100fe4 0000005c T linearFree
00101040 00000088 T MemPool::CoalesceRight(MemBlock*)
001010c8 00000178 T MemPool::Allocate(MemChunk&, unsigned long, int)
00101240 00000118 T MemPool::Deallocate(MemChunk const&)
00101358 00000030 T MemPool::GetFreeSpace()
00101388 000001c8 T consoleDrawChar
00101550 00000170 T consolePrintChar
001016c0 00000c40 T con_write
00102300 00000110 t newRow
00102410 00000180 T consoleInit
00102590 000000cc t gfxPresentFramebuffer
0010265c 0000001c T gfxIsWide
00102678 000000f8 T gfxSetScreenFormat
00102770 00000010 T gfxSetDoubleBuffering
00102780 000000d8 T gfxInit
00102858 00000010 T gfxInitDefault
00102868 000000b8 T gfxExit
00102920 000000a0 T gfxGetFramebuffer
001029c0 00000100 T gfxFlushBuffers
00102ac0 00000050 T gfxSwapBuffers
00102b10 00000050 T gfxSwapBuffersGpu
00102b60 00000158 t ndspUpdateMaster
00102cb8 00000108 t ndspFinalize
00102dc0 00000254 t ndspInitialize.part.0
00103014 00000108 t ndspHookCallback
00103120 00000318 t ndspThreadMain
00103438 000003f0 T ndspInit
00103828 000000d8 T ndspExit
00103900 00000034 T ndspSetOutputMode
00103934 000000e0 T ndspChnReset
00103a14 00000018 T ndspChnSetFormat
00103a2c 00000050 T ndspChnSetInterp
00103a7c 00000060 T ndspChnSetRate
00103adc 000000c8 T ndspChnWaveBufAdd
00103ba4 00000040 T ndspiInitChn
00103be4 0000002c T ndspiDirtyChn
00103c10 0000043c T ndspiUpdateChn
0010404c 00000180 T ndspiReadChnState
001041cc 00000180 t aptConvertScreenForCapture
0010434c 00000138 T aptSendCommand
00104488 00000044 t aptExitProcess
001044cc 00000394 T aptExit
00104860 000000d8 T aptHandleSleep
00104938 00000084 T APT_SleepIfShellClosed
001049bc 00000078 T aptSetSleepAllowed
00104a34 00000084 T APT_UnlockTransition
00104ab8 00000470 t aptEventHandler
00104f28 000000bc T APT_ReceiveParameter
00104fe4 000000b0 t aptReceiveParameter.constprop.0
00105098 00000294 t aptScreenTransfer
0010532c 000002d0 t aptWaitForWakeUp.isra.0
001055fc 000000f4 T aptJumpToHomeMenu
001056f0 00000058 T aptMainLoop
00105748 00000240 T aptInit
00105988 00000090 T APT_CheckNew3DS
00105a18 000000a8 T cfguInit
00105ac0 0000003c T cfguExit
00105afc 0000004c T CFGU_GetConfigInfoBlk2
00105b48 000000a4 t DSP_LoadComponent.part.0
00105bec 000000fc T dspInit
00105ce8 0000008c T dspExit
00105d74 00000024 T dspHook
00105d98 00000030 T dspUnhook
00105dc8 000000b4 T aptDspSleep
00105e7c 000000b4 T aptDspWakeup
00105f30 00000044 T aptDspCancel
00105f74 00000050 T DSP_FlushDataCache
00105fc4 00000034 T DSP_SetSemaphore
00105ff8 00000034 T DSP_SetSemaphoreMask
0010602c 00000038 T DSP_GetSemaphoreHandle
00106064 0000003c T DSP_LoadComponent
001060a0 00000044 T DSP_RegisterInterruptEvents
001060e4 00000078 T DSP_ReadPipeIfPossible
0010615c 0000004c T DSP_WriteProcessPipe
001061a8 00000044 T DSP_ConvertProcessAddressFromDspDram
001061ec 00000044 T DSP_RecvData
00106230 00000050 T DSP_RecvDataIsReady
00106280 00000104 T fsInit
00106384 0000003c T fsExit
001063c0 00000068 T fsExemptFromSession
00106428 00000050 T fsUnexemptFromSession
00106478 000000cc T FSUSER_OpenFile
00106544 000000cc T FSUSER_OpenFileDirectly
00106610 000000b8 T FSUSER_DeleteFile
001066c8 000000f4 T FSUSER_RenameFile
001067bc 000000b8 T FSUSER_DeleteDirectory
00106874 000000d0 T FSUSER_CreateFile
00106944 000000c0 T FSUSER_CreateDirectory
00106a04 000000f4 T FSUSER_RenameDirectory
00106af8 000000b4 T FSUSER_OpenDirectory
00106bac 00000090 T FSUSER_OpenArchive
00106c3c 0000008c T FSUSER_CloseArchive
00106cc8 00000074 T FSUSER_GetSdmcArchiveResource
00106d3c 00000064 T FSUSER_IsSdmcWritable
00106da0 00000064 T FSFILE_Read
00106e04 0000006c T FSFILE_Write
00106e70 00000044 T FSFILE_GetSize
00106eb4 00000028 T FSFILE_SetSize
00106edc 0000003c T FSFILE_Close
00106f18 00000024 T FSFILE_Flush
00106f3c 00000060 T FSDIR_Read
00106f9c 0000003c T FSDIR_Close
00106fd8 00000c70 t gspHardwareInit
00107c48 00000280 T gspInit
00107ec8 00000110 T gspExit
00107fd8 00000010 T gspHasGpuRight
00107fe8 000000a4 T gspPresentBuffer
0010808c 00000050 T gspWaitForEvent
001080dc 00000004 W gxCmdQueueInterrupt
001080e0 00000154 t gspEventThreadMain
00108234 00000050 T GSPGPU_FlushDataCache
00108284 00000034 T GSPGPU_SetLcdForceBlack
001082b8 00000080 T GSPGPU_AcquireRight
00108338 0000005c T GSPGPU_ReleaseRight
00108394 0000007c T GSPGPU_ImportDisplayCaptureInfo
00108410 0000002c T GSPGPU_SaveVramSysArea
0010843c 0000002c T GSPGPU_RestoreVramSysArea
00108468 00000024 W hidShouldUseIrrst
0010848c 000001cc T hidInit
00108658 000000e8 T hidExit
00108740 000002a0 T hidScanInput
001089e0 00000010 T hidKeysDown
001089f0 000001a4 T irrstInit
00108b94 000000dc T irrstExit
00108c70 000000b4 T irrstScanInput
00108d24 00000024 T irrstKeysHeld
00108d48 00000074 T rbtree_find
00108dbc 00000010 T rbtree_init
00108dcc 00000198 t do_insert
00108f64 00000008 T rbtree_insert
00108f6c 00000310 T rbtree_remove
0010927c 00000090 T rbtree_rotate
00109310 000001e8 W __system_allocateHeaps
001094f8 00000038 W __libctru_init
00109530 0000016c W __system_initArgv
0010969c 00000030 T __syscall_getreent
001096cc 00000004 T __syscall_lock_acquire
001096d0 00000004 T __syscall_lock_release
001096d4 00000004 T __syscall_lock_acquire_recursive
001096d8 00000004 T __syscall_lock_release_recursive
001096dc 00000004 T __syscall_exit
001096e0 00000054 T initThreadVars
00109734 00000080 T __system_initSyscalls
001097b4 T svcControlMemory
001097d4 T svcQueryMemory
00109804 T svcExitProcess
0010980c T svcCreateThread
0010982c T svcExitThread
00109834 T svcSleepThread
0010983c T svcReleaseMutex
00109844 T svcCreateEvent
00109858 T svcSignalEvent
00109860 T svcClearEvent
00109868 T svcMapMemoryBlock
00109870 T svcUnmapMemoryBlock
00109878 T svcCreateAddressArbiter
0010988c T svcArbitrateAddressNoTimeout
00109894 T svcCloseHandle
0010989c T svcWaitSynchronization
001098a4 T svcWaitSynchronizationN
001098cc T svcDuplicateHandle
001098e0 T svcConnectToPort
001098f4 T svcSendSyncRequest
001098fc T svcGetResourceLimit
00109910 T svcGetResourceLimitLimitValues
00109918 T svcGetResourceLimitCurrentValues
00109920 T svcBreak
00109928 W initSystem
00109978 W __ctru_exit
0010998c 00000024 t addrMapNodeComparator(rbtree_node const*, rbtree_node const*)
001099b0 00000004 t addrMapNodeDestructor(rbtree_node*)
001099b4 00000248 T vramMemAlignAt
00109bfc 0000000c T vramAlloc
00109c08 00000094 T vramFree
00109c9c 0000008c W envGetHandle
00109d28 00000050 W envDestroyHandles
00109d78 00000074 T osConvertVirtToPhys
00109dec 00000034 T __ctru_speedup_config
00109e20 00000164 T srvInit
00109f84 00000064 T srvExit
00109fe8 00000060 T srvEnableNotification
0010a048 000000a0 T srvGetServiceHandleDirect
0010a0e8 00000048 T srvGetServiceHandle
0010a130 00000034 T srvSubscribe
0010a164 00000060 T srvReceiveNotification
0010a1c4 00000038 T srvPublishToSubscriber
0010a1fc 0000000c T __sync_init
0010a208 00000018 T __sync_fini
0010a220 00000028 T syncArbitrateAddress
0010a248 0000001c T LightLock_Init
0010a264 000000ac T LightLock_Lock
0010a310 00000040 T LightLock_Unlock
0010a350 00000054 T RecursiveLock_Lock
0010a3a4 00000054 T RecursiveLock_Unlock
0010a3f8 00000044 T LightEvent_Init
0010a43c 000000b8 T LightEvent_Clear
0010a4f4 000000dc T LightEvent_Signal
0010a5d0 00000050 T LightEvent_TryWait
0010a620 000000ac T LightEvent_Wait
0010a6cc 000001fc T threadCreate
0010a8c8 00000038 T threadFree
0010a900 00000024 T threadJoin
0010a924 00000030 T threadGetCurrent
0010a954 00000040 T threadExit
0010a994 00000020 t _thread_begin
0010a9b4 00000090 t mappableFindAddressWithin
0010aa44 00000028 T mappableInit
0010aa6c 0000007c T mappableAlloc
0010aae8 00000004 T mappableFree
0010aaec 00000078 T ptmSysmInit
0010ab64 0000003c T ptmSysmExit
0010aba0 00000034 T PTMSYSM_ConfigureNew3DSCPU
0010abd4 0000000c T srvPmGetSessionHandle
0010abe0 00000060 T rbtree_node_next
0010ac40 00000030 W __appExit
0010ac70 00000030 W __appInit
0010aca0 00000090 W __libctru_exit
0010ad30 00000014 t archive_link
0010ad44 00000014 t archive_dirreset
0010ad58 00000014 t archive_chmod
0010ad6c 00000024 t error_cmp
0010ad90 00000050 t archive_translate_error
0010ade0 000000c0 t archive_seek
0010aea0 00000078 t _archiveInit.part.0
0010af18 000000d4 t archiveFindDevice.part.0
0010afec 00000298 t archive_utf16path
0010b284 00000098 t _archiveUnmountDeviceStruct.part.0
0010b31c 00000014 t archive_statvfs
0010b330 00000014 t archive_fchmod
0010b344 00000178 t _archiveMountDevice
0010b4bc 000000f8 t archive_diropen
0010b5b4 000000ac t archive_fstat
0010b660 00000074 t archive_fsync
0010b6d4 00000074 t archive_close
0010b748 00000078 t archive_dirclose
0010b7c0 000000ec t sdmc_statvfs
0010b8ac 000000f8 t archive_chdir
0010b9a4 0000008c t archive_ftruncate
0010ba30 000000bc t archive_read
0010baec 000000a8 t archive_unlink
0010bb94 000000c0 t archive_rmdir
0010bc54 000000d8 t archive_mkdir
0010bd2c 000001a0 t archive_stat
0010becc 00000164 t archive_dirnext
0010c030 0000013c t archive_write
0010c170 00000254 t archive_open
0010c3c4 00000270 t archive_rename
0010c634 000001c8 T archiveMountSdmc
0010c7fc 00000054 T archiveUnmountAll
0010c850 00000140 T decode_utf8
0010c990 000000e8 T utf16_to_utf8
0010ca78 000000c0 T utf8_to_utf16
0010cb38 T __aeabi_read_tp
0010cb44 00000054 T decode_utf16
0010cb98 00000054 T encode_utf16
0010cbec 000000e0 T encode_utf8
0010ccd0 000000b0 T sin
0010cd80 00000310 T __ieee754_rem_pio2
0010d090 000008b0 T __kernel_rem_pio2
0010d940 00000140 T scalbn
0010da80 000000c0 T __kernel_sin
0010db40 000000a8 T cos
0010dbe8 00000144 T floor
0010dd30 00000150 T __kernel_cos
0010de80 00000014 T fabs
0010de94 00000130 T __udivmoddi4
0010dfc4 000000d8 T strncmp
0010e09c 00000144 T _fclose_r
0010e1e0 00000020 T fclose
0010e200 0000008c T strlen
0010e28c 0000001c t stdio_exit_handler
0010e2a8 0000005c t cleanup_stdio
0010e304 00000154 t global_stdio_init.part.0
0010e458 00000138 T __sfp
0010e590 0000005c T __sinit
0010e5ec 0000000c T __sfp_lock_acquire
0010e5f8 0000000c T __sfp_lock_release
0010e604 000001ec t _strtoul_l.isra.0
0010e7f0 0000003c T strtoul
0010e82c 00000084 T __libc_init_array
0010e8b0 0000009c T strncat
0010e94c 00000070 T _fwalk_sglue
0010e9bc 00000078 T bsearch
0010ea34 0000000c T __errno
0010ea40 000000e0 T _puts_r
0010eb20 00000020 T puts
0010eb40 0000001c T _fseek_r
0010eb5c 00000034 T fseek
0010eb90 00000028 T memalign
0010ebb8 00000024 T putchar
0010ebdc 0000082c T _malloc_r
0010f408 00000114 T _malloc_trim_r
0010f51c 00000314 T _free_r
0010f830 00000034 T printf
0010f864 0000003c T strnlen
0010f8a0 00000040 T malloc
0010f8e0 00000020 T free
0010f900 0000022c T __sflush_r
0010fb2c 000000c4 T _fflush_r
0010fbf0 000000e4 T memset
0010fcd4 00000334 T _fread_r
00110008 00000038 T fread
00110040 0000000c T __malloc_lock
0011004c 0000000c T __malloc_unlock
00110058 00000004 W __call_exitprocs
0011005c 00000030 T exit
0011008c 00000294 T setvbuf
00110320 00000134 T _fopen_r
00110454 00000028 T fopen
0011047c 000000d4 T strncpy
00110550 00000034 T ftell
00110584 0000012c T memcpy
001106b0 000004a4 T __sfvwrite_r
00110b54 00000044 T __sread
00110b98 00000068 T __swrite
00110c00 00000040 T __sseek
00110c40 00000008 T __sclose
00110c48 0000016c T memmove
00110db4 0000016c T _memalign_r
00110f20 000000fc T _putc_r
0011101c 00000588 T _fseeko_r
001115a4 000005e0 t get_arg
00111b88 00003554 T _vfprintf_r
001150dc 000000b4 t __sbprintf
00115190 000000e8 T memchr
00115278 000001c0 t quorem
00115438 000013f0 T _dtoa_r
00116828 000000a0 T _wcrtomb_r
001168c8 000000b8 T __sflags
00116980 0000003c T __libc_fini_array
001169bc 00000038 t lflush
001169f4 000001a8 T __srefill_r
00116b9c 00000164 T __smakebuf_r
00116d00 00000090 T __swhatbuf_r
00116d90 000004f0 T _realloc_r
00117280 000001c4 T _ftello_r
00117444 00000028 T _wcsrtombs_r
0011746c 00000140 T __swsetup_r
001175b0 00000088 T frexp
00117638 0000005c T __assert_func
00117694 00000088 T _Balloc
0011771c 0000001c T _Bfree
00117738 000000f4 T __multadd
0011782c 00000080 T __hi0bits
001178ac 000000f0 T __lo0bits
0011799c 000000a4 T __i2b
00117a40 00000230 T __multiply
00117c70 00000130 T __pow5mult
00117da0 00000138 T __lshift
00117ed8 00000058 T __mcmp
00117f30 00000218 T __mdiff
00118148 00000120 T __d2b
00118268 00000024 T __locale_mb_cur_max
0011828c 0000003c T fiprintf
001182c8 00000124 T __swbuf_r
001183ec 0000015c T _wcsnrtombs_l
00118548 00000064 T _wcsnrtombs_r
001185ac 00000340 T __utf8_mbtowc
001188ec 00000030 T __sprint_r
0011891c 00000014 T abort
00118930 00000024 T _localeconv_r
00118954 000000d8 T _calloc_r
00118a2c 000000f8 T __utf8_wctomb
00118b24 00000140 T strchr
00118c64 0000009c T _raise_r
00118d00 00000020 T raise
00118d20 000005e0 t get_arg
00119300 000022f8 T _vfiprintf_r
0011b5f8 000000b4 t __sbprintf
0011b6ac 00000020 T _exit
0011b6cc 00000140 T chdir
0011b80c 000001c8 T _concatenate_path
0011b9d4 0000009c T _fstat_r
0011ba70 00000014 T _getpid_r
0011ba84 0000002c T __getreent
0011bab0 000000a0 T __release_handle
0011bb50 000000b0 T __alloc_handle
0011bc00 00000058 T __get_handle
0011bc58 00000110 T _close_r
0011bd68 00000008 t null_write
0011bd70 00000018 T setDefaultDevice
0011bd88 000000c4 T FindDevice
0011be4c 00000028 T RemoveDevice
0011be74 00000098 T AddDevice
0011bf0c 00000020 T GetDeviceOpTab
0011bf2c 00000008 T _isatty_r
0011bf34 00000014 T _kill_r
0011bf48 00000094 T _lseek_r
0011bfdc 000000c0 T _open_r
0011c09c 00000094 T _read_r
0011c130 00000078 W _sbrk_r
0011c1a8 0000001c T __libc_lock_acquire
0011c1c4 0000001c T __libc_lock_release
0011c1e0 0000001c T __libc_lock_acquire_recursive
0011c1fc 0000001c T __libc_lock_release_recursive
0011c218 00000094 T _write_r
0011c2ac 00000048 T strrchr
0011c2f4 T _fini
0011d15c r .LC2
0011d3f0 00000080 r dotab_stdout
0011d470 00000018 r grayScale
0011d488 00000006 r colorCube
0011d490 00000030 r colorTable
0011d4c0 00000011 r dsp_filename.0
0011d4f0 00000008 r morton_y.2
0011d4f8 00000008 r morton_x.3
0011d500 00000008 r s_sleepWakeEvents.4
0011d508 0000000c r serviceNameTable.5
0011d514 R default_font_bin
0011dd14 R default_font_bin_end
0011dd14 00000030 r error_table
0011dd44 00000080 r archive_devoptab
0011ddc4 00000080 r npio2_hw
0011de44 00000108 r two_over_pi
0011df50 00000040 r PIo2
0011df90 00000010 r init_jk
0011dfa0 00000101 R _ctype_
0011e1c8 00000010 r zeroes.0
0011e1d8 00000010 r blanks.1
0011e1f0 0000006c R __action_table
0011e25c 0000006c R __state_table
0011e2c8 00000100 R __chclass
0011e3c8 0000000c r p05.0
0011e3d8 00000028 R __mprec_bigtens
0011e400 000000c8 R __mprec_tens
0011e5b4 00000010 r zeroes.0
0011e5c4 00000010 r blanks.1
0011e5d4 00000080 R dotab_stdnull
0011e654 R __tdata_align
0011e658 r __EH_FRAME_BEGIN__
0011e658 R __exidx_end
0011e658 R __exidx_start
0011f000 00000001 d firstConsoleInit.0
0011f004 00000004 D currentConsole
0011f008 00000048 D defaultConsole
0011f050 00000004 d aptChainloadDeliverArgSize
0011f054 00000004 d kCount
0011f058 00000004 d kInterval
0011f05c 00000004 d kDelay
0011f060 W __stacksize__
0011f064 0000000c D __sglue
0011f070 00000004 D __malloc_sbrk_base
0011f074 00000004 D __malloc_trim_threshold
0011f078 00000408 D __malloc_av_
0011f480 00000004 D _impure_ptr
0011f488 00000140 D _impure_data
0011f5c8 0000016c D __global_locale
0011f734 00000400 d _current_working_directory
0011fb38 00001000 d handles
00120b38 0000000c d __stderr_handle
00120b44 0000000c d __stdout_handle
00120b50 0000000c d __stdin_handle
00120b5c 0000008c D devoptab_list
00120be8 00000004 d defaultDevice
00120bf4 d _GLOBAL_OFFSET_TABLE_
00120c00 d __frame_dummy_init_array_entry
00120c00 D __init_array_start
00120c00 B __preinit_array_end
00120c00 B __preinit_array_start
00120c00 D __tdata_lma
00120c00 D __tdata_lma_end
00120c04 d __do_global_dtors_aux_fini_array_entry
00120c04 D __fini_array_start
00120c04 D __init_array_end
00120c08 D __bss_start__
00120c08 D __fini_array_end
00120c08 00000004 B audio_size
00120c0c 00000004 B audio_data
00120c10 00000030 B waveBuf
00120c40 00000001 B audio_enabled
00120c41 b completed.1
00120c44 b object.0
00120c60 00000008 b sLinearPool
00120c68 0000000c b sAddrMap
00120c74 00000064 b escapeSeq
00120cd8 00000048 B currentCopy
00120d20 00000004 b screenAlloc
00120d24 00000004 b screenFree
00120d28 00000002 b gfxIsDoubleBuf
00120d2c 00000002 b gfxCurBuf
00120d2e 00000001 b gfxIsVram
00120d2f 00000001 b gfxTopMode
00120d30 00000002 b gfxFramebufferFormats
00120d34 00000004 b gfxBottomFramebufferMaxSize
00120d38 00000004 b gfxTopFramebufferMaxSize
00120d40 00000008 b gfxBottomFramebuffers
00120d48 00000008 b gfxTopFramebuffers
00120d50 00000004 b ndspRefCount
00120d54 00000048 b ndspMaster
00120d9c 00000004 b ndspThread
00120da0 00000001 b ndspThreadRun
00120da4 00001080 b dspVar5Backup
00121e24 00000004 b ndspMutex
00121e28 00000008 b sleepEvent
00121e30 00000004 b dspSem
00121e34 00000004 b irqEvent
00121e38 00000008 b ndspHookCookie
00121e40 00000001 b componentFree
00121e42 00000002 b componentDataMask
00121e44 00000002 b componentProgMask
00121e48 00000004 b componentSize
00121e4c 00000004 b componentBin
00121e50 00000004 b frameCount
00121e54 00000004 b droppedFrames
00121e58 00000001 b bCancelReceived
00121e59 00000001 b bSleeping
00121e5a 00000001 b bEnteringSleep
00121e5b 00000001 b bDspReady
00121e5c 00000080 B ndspVars
00121edc 00000002 B ndspBufferId
00121ede 00000002 B ndspBufferCurId
00121ee0 00000002 B ndspFrameId
00121ee8 00000c60 b ndspChn
00122b48 00000001 b flagValue.0
00122b49 00000001 b flagInit.1
00122b4c 00000004 b serviceName.6
00122b50 00000001 b aptChainloadFlags
00122b51 00000001 b aptChainloadMediatype
00122b54 00000020 b aptChainloadHmac
00122b74 00000300 b aptChainloadDeliverArg
00122e78 00000008 b aptChainloadTid
00122e80 00001000 b aptParameters
00123e80 00000004 b aptFlags
00123e84 00000001 b aptHomeButtonState
00123e88 00000004 b aptMessageFuncData
00123e8c 00000004 b aptMessageFunc
00123e90 0000000c b aptFirstHook
00123e9c 00000001 b aptEventHandlerThreadQuit
00123ea0 00000004 b aptEventHandlerThread
00123ea4 00000008 b aptSleepEvent
00123eac 00000008 b aptReceiveEvent
00123eb4 00000008 b aptEvents
00123ebc 00000004 b aptLockHandle
00123ec0 00000004 b aptRefCount
00123ec4 00000004 b cfguRefCount
00123ec8 00000004 b cfguHandle
00123ecc 00000002 b dspSavedCompDataMask
00123ece 00000002 b dspSavedCompProgMask
00123ed0 00000004 b dspSavedCompSize
00123ed4 00000004 b dspSavedCompBin
00123ed8 00000001 b dspSleeping
00123ed9 00000001 b dspComponentLoaded
00123edc 00000008 b dspFirstHook
00123ee4 00000004 b dspRefCount
00123ee8 00000004 b dspHandle
00123ef0 00000080 b fsExemptArchives
00123f70 00000004 b fsuRefCount
00123f74 00000004 b fsuHandle
00123f78 00000007 b gspEventCbOneShot
00123f80 0000001c b gspEventCbData
00123f9c 0000001c b gspEventCb
00123fb8 00000038 b gspEvents
00123ff0 00000004 b gspLastEvent
00123ff4 00000001 b gspRunEvents
00123ff8 00000004 b gspEventThread
00123ffc 00000004 b gspEvent
00124000 00000001 b gspGpuRight
00124001 00000001 b gspThreadId
00124004 00000004 b gspSharedMem
00124008 00000004 b gspSharedMemHandle
0012400c 00000004 b gspRefCount
00124010 00000004 b gspGpuHandle
00124014 00000001 b usingIrrst
00124018 00000004 b hidRefCount
0012401c 00000006 b gRate
00124024 00000006 b aVec
0012402c 00000004 b cPos
00124030 00000004 b tPos
00124034 00000004 b kRepeat
00124038 00000004 b kUp
0012403c 00000004 b kDown
00124040 00000004 b kHeld
00124044 00000004 b kOld
00124048 00000004 B hidSharedMem
0012404c 00000014 B hidEvents
00124060 00000004 B hidMemHandle
00124064 00000004 B hidHandle
00124068 00000004 b irrstRefCount
0012406c 00000004 b csPos
00124070 00000004 b kHeld
00124074 00000004 B irrstSharedMem
00124078 00000004 B irrstEvent
0012407c 00000004 B irrstMemHandle
00124080 00000004 B irrstHandle
00124084 00000004 V __ctru_linear_heap_size
00124088 00000004 V __ctru_heap_size
0012408c 00000004 B __ctru_linear_heap
00124090 00000004 B __ctru_heap
00124094 00000004 B __system_retAddr
00124098 00000004 B __system_argv
0012409c 00000004 B __system_argc
001240a0 b saved_stack
001240a8 00000008 b sVramPoolB
001240b0 00000008 b sVramPoolA
001240b8 0000000c b sAddrMap
001240c4 00000004 B __3dslink_host
001240c8 00000001 V __ctru_speedup
001240cc 00000004 b srvRefCount
001240d0 00000004 b srvHandle
001240d4 00000004 b arbiter
001240d8 00000004 b currentAddr
001240dc 00000004 b maxAddr
001240e0 00000004 b minAddr
001240e4 00000004 b ptmSysmRefCount
001240e8 00000004 b ptmSysmHandle
001240ec 00000004 b srvPmHandle
001240f0 000005c0 b archive_devices
001246b0 00000004 b archive_device_cwd
001246b4 00000001 b archive_initialized
001246b8 0000000c b __sfp_recursive_mutex
001246c8 00000168 B __sf
00124830 00000004 B __stdio_exit_handler
00124834 00000028 B __malloc_current_mallinfo
0012485c 00000004 B __malloc_max_total_mem
00124860 00000004 B __malloc_max_sbrked_mem
00124864 00000004 B __malloc_top_pad
00124868 0000000c b __malloc_recursive_mutex
00124874 00000400 b temp_cwd
00124c74 00000004 b __hndl_lock
00124c78 00000004 B fake_heap_start
00124c7c 00000004 B fake_heap_end
00124c80 00000004 b heap_start.0
00124c84 B __tls_start
0012588c B __bss_end__
0012588c A __end__
0012588c B __tls_end
