         w __deregister_frame_info
         w __register_frame_info
         w userAppExit
         w userAppInit
00000000 00000802 B __ctru_dev_utf16_buf
00000000 A __sync_synchronize
00000000 b _TLS_MODULE_BASE_
00000000 a shift
00000000 a shift
00000804 00000401 B __ctru_dev_path_buf
00100000 A __start__
00100000 T _start
00100008 T __service_ptr
0010000c T __apt_appid
00100010 T __heap_size
00100014 T __linear_heap_size
00100018 T __system_arglist
0010001c T __system_runflags
00100020 t startup
00100058 t ClearMem
0010006c t ClrLoop
00100094 T _init
001000ac T __aeabi_idiv
001000ac 00000220 T __divsi3
001000b4 t .divsi3_skip_div0_test
001002cc 00000020 T __aeabi_idivmod
001002ec 00000004 W __aeabi_idiv0
001002ec 00000004 W __aeabi_ldiv0
00100308 00000390 T strcmp
00100690 t .udivsi3_skip_div0_test
00100690 T __aeabi_uidiv
00100690 000001ec T __udivsi3
0010087c 00000020 T __aeabi_uidivmod
0010089c t __do_global_dtors_aux
001008ec t frame_dummy
00100918 000000c0 T main
001009d8 000001c8 T consoleDrawChar
00100ba0 00000170 T consolePrintChar
00100d10 00000c40 T con_write
00101950 00000110 t newRow
00101a60 00000180 T consoleInit
00101be0 000000cc t gfxPresentFramebuffer
00101cac 0000001c T gfxIsWide
00101cc8 000000f8 T gfxSetScreenFormat
00101dc0 00000010 T gfxSetDoubleBuffering
00101dd0 000000d8 T gfxInit
00101ea8 00000010 T gfxInitDefault
00101eb8 000000b8 T gfxExit
00101f70 000000a0 T gfxGetFramebuffer
00102010 00000100 T gfxFlushBuffers
00102110 00000050 T gfxSwapBuffers
00102160 00000050 T gfxSwapBuffersGpu
001021b0 00000180 t aptConvertScreenForCapture
00102330 00000008 W aptDspSleep
00102338 00000004 W aptDspWakeup
0010233c 00000004 W aptDspCancel
00102340 00000138 T aptSendCommand
00102478 00000044 t aptExitProcess
001024bc 00000394 T aptExit
00102850 000000d8 T aptHandleSleep
00102928 00000084 T APT_SleepIfShellClosed
001029ac 00000078 T aptSetSleepAllowed
00102a24 00000084 T APT_UnlockTransition
00102aa8 00000470 t aptEventHandler
00102f18 000000bc T APT_ReceiveParameter
00102fd4 000000b0 t aptReceiveParameter.constprop.0
00103088 00000294 t aptScreenTransfer
0010331c 000002d0 t aptWaitForWakeUp.isra.0
001035ec 000000f4 T aptJumpToHomeMenu
001036e0 00000058 T aptMainLoop
00103738 00000240 T aptInit
00103978 00000090 T APT_CheckNew3DS
00103a08 00000c70 t gspHardwareInit
00104678 00000280 T gspInit
001048f8 00000110 T gspExit
00104a08 00000010 T gspHasGpuRight
00104a18 000000a4 T gspPresentBuffer
00104abc 00000050 T gspWaitForEvent
00104b0c 00000004 W gxCmdQueueInterrupt
00104b10 00000154 t gspEventThreadMain
00104c64 00000050 T GSPGPU_FlushDataCache
00104cb4 00000034 T GSPGPU_SetLcdForceBlack
00104ce8 00000080 T GSPGPU_AcquireRight
00104d68 0000005c T GSPGPU_ReleaseRight
00104dc4 0000007c T GSPGPU_ImportDisplayCaptureInfo
00104e40 0000002c T GSPGPU_SaveVramSysArea
00104e6c 0000002c T GSPGPU_RestoreVramSysArea
00104e98 00000024 W hidShouldUseIrrst
00104ebc 000001cc T hidInit
00105088 000000e8 T hidExit
00105170 000002a0 T hidScanInput
00105410 00000010 T hidKeysDown
00105420 000001a4 T irrstInit
001055c4 000000dc T irrstExit
001056a0 000000b4 T irrstScanInput
00105754 00000024 T irrstKeysHeld
00105778 00000038 W __libctru_init
001057b0 0000016c W __system_initArgv
0010591c 00000030 T __syscall_getreent
0010594c 00000004 T __syscall_lock_acquire
00105950 00000004 T __syscall_lock_release
00105954 00000004 T __syscall_lock_acquire_recursive
00105958 00000004 T __syscall_lock_release_recursive
0010595c 00000004 T __syscall_exit
00105960 00000054 T initThreadVars
001059b4 00000080 T __system_initSyscalls
00105a34 T svcControlMemory
00105a54 T svcQueryMemory
00105a84 T svcExitProcess
00105a8c T svcCreateThread
00105aac T svcExitThread
00105ab4 T svcSleepThread
00105abc T svcReleaseMutex
00105ac4 T svcCreateEvent
00105ad8 T svcSignalEvent
00105ae0 T svcClearEvent
00105ae8 T svcMapMemoryBlock
00105af0 T svcUnmapMemoryBlock
00105af8 T svcCreateAddressArbiter
00105b0c T svcArbitrateAddressNoTimeout
00105b14 T svcCloseHandle
00105b1c T svcWaitSynchronization
00105b24 T svcWaitSynchronizationN
00105b4c T svcDuplicateHandle
00105b60 T svcConnectToPort
00105b74 T svcSendSyncRequest
00105b7c T svcGetResourceLimit
00105b90 T svcGetResourceLimitLimitValues
00105b98 T svcGetResourceLimitCurrentValues
00105ba0 T svcBreak
00105ba8 W initSystem
00105bf8 W __ctru_exit
00105c0c 00000024 t addrMapNodeComparator(rbtree_node const*, rbtree_node const*)
00105c30 00000004 t addrMapNodeDestructor(rbtree_node*)
00105c34 0000012c T linearMemAlign
00105d60 00000008 T linearAlloc
00105d68 0000005c T linearFree
00105dc4 00000088 T MemPool::CoalesceRight(MemBlock*)
00105e4c 00000178 T MemPool::Allocate(MemChunk&, unsigned long, int)
00105fc4 00000118 T MemPool::Deallocate(MemChunk const&)
001060dc 00000030 T MemPool::GetFreeSpace()
0010610c 00000024 t addrMapNodeComparator(rbtree_node const*, rbtree_node const*)
00106130 00000004 t addrMapNodeDestructor(rbtree_node*)
00106134 00000248 T vramMemAlignAt
0010637c 0000000c T vramAlloc
00106388 00000094 T vramFree
0010641c 0000008c W envGetHandle
001064a8 00000050 W envDestroyHandles
001064f8 00000034 T __ctru_speedup_config
0010652c 00000164 T srvInit
00106690 00000064 T srvExit
001066f4 00000060 T srvEnableNotification
00106754 000000a0 T srvGetServiceHandleDirect
001067f4 00000048 T srvGetServiceHandle
0010683c 00000034 T srvSubscribe
00106870 00000060 T srvReceiveNotification
001068d0 00000038 T srvPublishToSubscriber
00106908 0000000c T __sync_init
00106914 00000018 T __sync_fini
0010692c 00000028 T syncArbitrateAddress
00106954 000000ac T LightLock_Lock
00106a00 00000040 T LightLock_Unlock
00106a40 00000054 T RecursiveLock_Lock
00106a94 00000054 T RecursiveLock_Unlock
00106ae8 00000044 T LightEvent_Init
00106b2c 000000b8 T LightEvent_Clear
00106be4 000000dc T LightEvent_Signal
00106cc0 00000050 T LightEvent_TryWait
00106d10 000000ac T LightEvent_Wait
00106dbc 000001fc T threadCreate
00106fb8 00000038 T threadFree
00106ff0 00000024 T threadJoin
00107014 00000030 T threadGetCurrent
00107044 00000040 T threadExit
00107084 00000020 t _thread_begin
001070a4 00000090 t mappableFindAddressWithin
00107134 00000028 T mappableInit
0010715c 0000007c T mappableAlloc
001071d8 00000004 T mappableFree
001071dc 00000078 T ptmSysmInit
00107254 0000003c T ptmSysmExit
00107290 00000034 T PTMSYSM_ConfigureNew3DSCPU
001072c4 0000000c T srvPmGetSessionHandle
001072d0 00000074 T rbtree_find
00107344 00000010 T rbtree_init
00107354 00000198 t do_insert
001074ec 00000008 T rbtree_insert
001074f4 00000310 T rbtree_remove
00107804 00000090 T rbtree_rotate
00107898 000001e8 W __system_allocateHeaps
00107a80 00000030 W __appExit
00107ab0 00000030 W __appInit
00107ae0 00000090 W __libctru_exit
00107b70 00000014 t archive_link
00107b84 00000014 t archive_dirreset
00107b98 00000014 t archive_chmod
00107bac 00000024 t error_cmp
00107bd0 00000050 t archive_translate_error
00107c20 000000c0 t archive_seek
00107ce0 00000078 t _archiveInit.part.0
00107d58 000000d4 t archiveFindDevice.part.0
00107e2c 00000298 t archive_utf16path
001080c4 00000098 t _archiveUnmountDeviceStruct.part.0
0010815c 00000014 t archive_statvfs
00108170 00000014 t archive_fchmod
00108184 00000178 t _archiveMountDevice
001082fc 000000f8 t archive_diropen
001083f4 000000ac t archive_fstat
001084a0 00000074 t archive_fsync
00108514 00000074 t archive_close
00108588 00000078 t archive_dirclose
00108600 000000ec t sdmc_statvfs
001086ec 000000f8 t archive_chdir
001087e4 0000008c t archive_ftruncate
00108870 000000bc t archive_read
0010892c 000000a8 t archive_unlink
001089d4 000000c0 t archive_rmdir
00108a94 000000d8 t archive_mkdir
00108b6c 000001a0 t archive_stat
00108d0c 00000164 t archive_dirnext
00108e70 0000013c t archive_write
00108fb0 00000254 t archive_open
00109204 00000270 t archive_rename
00109474 000001c8 T archiveMountSdmc
0010963c 00000054 T archiveUnmountAll
00109690 00000104 T fsInit
00109794 0000003c T fsExit
001097d0 00000068 T fsExemptFromSession
00109838 00000050 T fsUnexemptFromSession
00109888 000000cc T FSUSER_OpenFile
00109954 000000b8 T FSUSER_DeleteFile
00109a0c 000000f4 T FSUSER_RenameFile
00109b00 000000b8 T FSUSER_DeleteDirectory
00109bb8 000000d0 T FSUSER_CreateFile
00109c88 000000c0 T FSUSER_CreateDirectory
00109d48 000000f4 T FSUSER_RenameDirectory
00109e3c 000000b4 T FSUSER_OpenDirectory
00109ef0 00000090 T FSUSER_OpenArchive
00109f80 0000008c T FSUSER_CloseArchive
0010a00c 00000074 T FSUSER_GetSdmcArchiveResource
0010a080 00000064 T FSUSER_IsSdmcWritable
0010a0e4 00000064 T FSFILE_Read
0010a148 0000006c T FSFILE_Write
0010a1b4 00000044 T FSFILE_GetSize
0010a1f8 00000028 T FSFILE_SetSize
0010a220 0000003c T FSFILE_Close
0010a25c 00000024 T FSFILE_Flush
0010a280 00000060 T FSDIR_Read
0010a2e0 0000003c T FSDIR_Close
0010a31c 00000060 T rbtree_node_next
0010a37c 00000140 T decode_utf8
0010a4bc 000000e8 T utf16_to_utf8
0010a5a4 000000c0 T utf8_to_utf16
0010a664 T __aeabi_read_tp
0010a670 00000054 T decode_utf16
0010a6c4 00000054 T encode_utf16
0010a718 000000e0 T encode_utf8
0010a7f8 000000d8 T strncmp
0010a8d0 0000008c T strlen
0010a95c 0000001c t stdio_exit_handler
0010a978 0000005c t cleanup_stdio
0010a9d4 00000154 t global_stdio_init.part.0
0010ab28 0000005c T __sinit
0010ab84 0000000c T __sfp_lock_acquire
0010ab90 0000000c T __sfp_lock_release
0010ab9c 000001ec t _strtoul_l.isra.0
0010ad88 0000003c T strtoul
0010adc4 00000084 T __libc_init_array
0010ae48 0000009c T strncat
0010aee4 00000070 T _fwalk_sglue
0010af54 00000078 T bsearch
0010afcc 0000000c T __errno
0010afd8 000000e0 T _puts_r
0010b0b8 00000020 T puts
0010b0d8 00000028 T memalign
0010b100 0000082c T _malloc_r
0010b92c 00000114 T _malloc_trim_r
0010ba40 00000314 T _free_r
0010bd54 0000003c T strnlen
0010bd90 00000040 T malloc
0010bdd0 00000020 T free
0010bdf0 0000022c T __sflush_r
0010c01c 000000c4 T _fflush_r
0010c0e0 000000e4 T memset
0010c1c4 0000000c T __malloc_lock
0010c1d0 0000000c T __malloc_unlock
0010c1dc 00000004 W __call_exitprocs
0010c1e0 00000030 T exit
0010c210 00000294 T setvbuf
0010c4a4 000000d4 T strncpy
0010c578 0000012c T memcpy
0010c6a4 000004a4 T __sfvwrite_r
0010cb48 00000044 T __sread
0010cb8c 00000068 T __swrite
0010cbf4 00000040 T __sseek
0010cc34 00000008 T __sclose
0010cc3c 0000016c T memmove
0010cda8 00000144 T _fclose_r
0010ceec 0000016c T _memalign_r
0010d058 000000e8 T memchr
0010d140 0000003c T __libc_fini_array
0010d17c 00000164 T __smakebuf_r
0010d2e0 00000090 T __swhatbuf_r
0010d370 000004f0 T _realloc_r
0010d860 00000140 T __swsetup_r
0010d9a0 00000020 T _exit
0010d9c0 00000140 T chdir
0010db00 000001c8 T _concatenate_path
0010dcc8 0000009c T _fstat_r
0010dd64 0000002c T __getreent
0010dd90 00000058 T __get_handle
0010dde8 00000110 T _close_r
0010def8 00000008 t null_write
0010df00 00000018 T setDefaultDevice
0010df18 000000c4 T FindDevice
0010dfdc 00000028 T RemoveDevice
0010e004 00000098 T AddDevice
0010e09c 00000020 T GetDeviceOpTab
0010e0bc 00000008 T _isatty_r
0010e0c4 00000094 T _lseek_r
0010e158 00000094 T _read_r
0010e1ec 00000078 W _sbrk_r
0010e264 0000001c T __libc_lock_acquire
0010e280 0000001c T __libc_lock_release
0010e29c 0000001c T __libc_lock_acquire_recursive
0010e2b8 0000001c T __libc_lock_release_recursive
0010e2d4 00000094 T _write_r
0010e368 00000140 T strchr
0010e4a8 00000048 T strrchr
0010e4f0 T _fini
0010f274 00000080 r dotab_stdout
0010f2f4 00000018 r grayScale
0010f30c 00000006 r colorCube
0010f314 00000030 r colorTable
0010f360 00000008 r morton_y.2
0010f368 00000008 r morton_x.3
0010f370 00000008 r s_sleepWakeEvents.4
0010f378 0000000c r serviceNameTable.5
0010f384 R default_font_bin
0010fb84 R default_font_bin_end
0010fb84 00000030 r error_table
0010fbb4 00000080 r archive_devoptab
0010fc34 00000101 R _ctype_
0010fd38 00000080 R dotab_stdnull
0010fdb8 R __tdata_align
0010fdbc r __EH_FRAME_BEGIN__
0010fdbc R __exidx_end
0010fdbc R __exidx_start
00110000 00000001 d firstConsoleInit.0
00110004 00000004 D currentConsole
00110008 00000048 D defaultConsole
00110050 00000004 d aptChainloadDeliverArgSize
00110054 00000004 d kCount
00110058 00000004 d kInterval
0011005c 00000004 d kDelay
00110060 W __stacksize__
00110064 0000000c D __sglue
00110070 00000004 D __malloc_sbrk_base
00110074 00000004 D __malloc_trim_threshold
00110078 00000408 D __malloc_av_
00110480 00000004 D _impure_ptr
00110488 00000140 D _impure_data
001105c8 00000400 d _current_working_directory
001109c8 00001000 d handles
001119c8 0000000c d __stderr_handle
001119d4 0000000c d __stdout_handle
001119e0 0000000c d __stdin_handle
001119ec 0000008c D devoptab_list
00111a78 00000004 d defaultDevice
00111a84 d _GLOBAL_OFFSET_TABLE_
00111a90 d __frame_dummy_init_array_entry
00111a90 D __init_array_start
00111a90 B __preinit_array_end
00111a90 B __preinit_array_start
00111a90 D __tdata_lma
00111a90 D __tdata_lma_end
00111a94 d __do_global_dtors_aux_fini_array_entry
00111a94 D __fini_array_start
00111a94 D __init_array_end
00111a98 D __bss_start__
00111a98 D __fini_array_end
00111a98 b completed.1
00111a9c b object.0
00111ab4 00000064 b escapeSeq
00111b18 00000048 B currentCopy
00111b60 00000004 b screenAlloc
00111b64 00000004 b screenFree
00111b68 00000002 b gfxIsDoubleBuf
00111b6c 00000002 b gfxCurBuf
00111b6e 00000001 b gfxIsVram
00111b6f 00000001 b gfxTopMode
00111b70 00000002 b gfxFramebufferFormats
00111b74 00000004 b gfxBottomFramebufferMaxSize
00111b78 00000004 b gfxTopFramebufferMaxSize
00111b80 00000008 b gfxBottomFramebuffers
00111b88 00000008 b gfxTopFramebuffers
00111b90 00000001 b flagValue.0
00111b91 00000001 b flagInit.1
00111b94 00000004 b serviceName.6
00111b98 00000001 b aptChainloadFlags
00111b99 00000001 b aptChainloadMediatype
00111b9c 00000020 b aptChainloadHmac
00111bbc 00000300 b aptChainloadDeliverArg
00111ec0 00000008 b aptChainloadTid
00111ec8 00001000 b aptParameters
00112ec8 00000004 b aptFlags
00112ecc 00000001 b aptHomeButtonState
00112ed0 00000004 b aptMessageFuncData
00112ed4 00000004 b aptMessageFunc
00112ed8 0000000c b aptFirstHook
00112ee4 00000001 b aptEventHandlerThreadQuit
00112ee8 00000004 b aptEventHandlerThread
00112eec 00000008 b aptSleepEvent
00112ef4 00000008 b aptReceiveEvent
00112efc 00000008 b aptEvents
00112f04 00000004 b aptLockHandle
00112f08 00000004 b aptRefCount
00112f0c 00000007 b gspEventCbOneShot
00112f14 0000001c b gspEventCbData
00112f30 0000001c b gspEventCb
00112f4c 00000038 b gspEvents
00112f84 00000004 b gspLastEvent
00112f88 00000001 b gspRunEvents
00112f8c 00000004 b gspEventThread
00112f90 00000004 b gspEvent
00112f94 00000001 b gspGpuRight
00112f95 00000001 b gspThreadId
00112f98 00000004 b gspSharedMem
00112f9c 00000004 b gspSharedMemHandle
00112fa0 00000004 b gspRefCount
00112fa4 00000004 b gspGpuHandle
00112fa8 00000001 b usingIrrst
00112fac 00000004 b hidRefCount
00112fb0 00000006 b gRate
00112fb8 00000006 b aVec
00112fc0 00000004 b cPos
00112fc4 00000004 b tPos
00112fc8 00000004 b kRepeat
00112fcc 00000004 b kUp
00112fd0 00000004 b kDown
00112fd4 00000004 b kHeld
00112fd8 00000004 b kOld
00112fdc 00000004 B hidSharedMem
00112fe0 00000014 B hidEvents
00112ff4 00000004 B hidMemHandle
00112ff8 00000004 B hidHandle
00112ffc 00000004 b irrstRefCount
00113000 00000004 b csPos
00113004 00000004 b kHeld
00113008 00000004 B irrstSharedMem
0011300c 00000004 B irrstEvent
00113010 00000004 B irrstMemHandle
00113014 00000004 B irrstHandle
00113018 00000004 B __system_retAddr
0011301c 00000004 B __system_argv
00113020 00000004 B __system_argc
00113024 b saved_stack
00113030 00000008 b sLinearPool
00113038 0000000c b sAddrMap
00113048 00000008 b sVramPoolB
00113050 00000008 b sVramPoolA
00113058 0000000c b sAddrMap
00113064 00000004 B __3dslink_host
00113068 00000001 V __ctru_speedup
0011306c 00000004 b srvRefCount
00113070 00000004 b srvHandle
00113074 00000004 b arbiter
00113078 00000004 b currentAddr
0011307c 00000004 b maxAddr
00113080 00000004 b minAddr
00113084 00000004 b ptmSysmRefCount
00113088 00000004 b ptmSysmHandle
0011308c 00000004 b srvPmHandle
00113090 00000004 V __ctru_linear_heap_size
00113094 00000004 V __ctru_heap_size
00113098 00000004 B __ctru_linear_heap
0011309c 00000004 B __ctru_heap
001130a0 000005c0 b archive_devices
00113660 00000004 b archive_device_cwd
00113664 00000001 b archive_initialized
00113668 00000080 b fsExemptArchives
001136e8 00000004 b fsuRefCount
001136ec 00000004 b fsuHandle
001136f0 0000000c b __sfp_recursive_mutex
00113700 00000168 B __sf
00113868 00000004 B __stdio_exit_handler
0011386c 00000028 B __malloc_current_mallinfo
00113894 00000004 B __malloc_max_total_mem
00113898 00000004 B __malloc_max_sbrked_mem
0011389c 00000004 B __malloc_top_pad
001138a0 0000000c b __malloc_recursive_mutex
001138ac 00000400 b temp_cwd
00113cac 00000004 b __hndl_lock
00113cb0 00000004 B fake_heap_start
00113cb4 00000004 B fake_heap_end
00113cb8 00000004 b heap_start.0
00113cbc B __tls_start
001148c4 B __bss_end__
001148c4 A __end__
001148c4 B __tls_end
